SF:lib/util/date_helper.dart
DA:4,1
DA:5,1
DA:6,2
LF:3
LH:3
end_of_record
SF:lib/core/presentation/cubit/stock_symbol_cubit/stock_symbol_state.dart
DA:4,7
DA:6,1
DA:7,1
DA:17,2
DA:19,1
DA:20,2
DA:26,6
DA:28,1
DA:29,2
LF:9
LH:9
end_of_record
SF:lib/core/presentation/cubit/stock_symbol_cubit/stock_symbol_cubit.dart
DA:12,3
DA:16,1
DA:17,2
DA:18,2
DA:19,0
DA:23,2
DA:25,1
DA:26,1
DA:27,1
DA:28,1
DA:29,2
DA:31,1
DA:34,1
DA:36,3
DA:38,0
DA:42,0
LF:16
LH:13
end_of_record
SF:lib/config/dependencies.dart
DA:15,3
DA:17,0
DA:18,0
DA:19,0
DA:20,0
DA:21,0
DA:24,0
DA:26,0
DA:27,0
DA:29,0
DA:30,0
DA:34,0
DA:35,0
DA:38,0
DA:39,0
DA:40,0
DA:44,0
DA:45,0
DA:49,0
DA:50,0
DA:51,0
DA:52,0
DA:53,0
DA:58,0
DA:59,0
DA:60,0
DA:61,0
DA:65,0
DA:66,0
DA:69,0
DA:70,0
LF:31
LH:1
end_of_record
SF:lib/config/environment.dart
DA:3,0
LF:1
LH:0
end_of_record
SF:lib/core/presentation/cubit/stock_subscription/stock_subscription_cubit.dart
DA:9,1
DA:10,2
DA:14,1
DA:15,2
DA:17,4
DA:18,1
DA:19,1
DA:20,3
DA:21,2
DA:22,1
DA:23,3
DA:25,4
DA:30,1
DA:32,0
DA:33,0
DA:35,0
DA:45,0
DA:46,0
DA:47,0
DA:50,0
DA:51,0
DA:52,0
LF:22
LH:13
end_of_record
SF:lib/core/presentation/cubit/stock_subscription/stock_subscription_state.dart
DA:7,3
DA:9,1
DA:10,1
DA:21,2
DA:26,1
DA:27,2
DA:33,2
DA:35,1
DA:36,2
LF:9
LH:9
end_of_record
SF:lib/core/presentation/screens/main_screen.dart
DA:12,1
DA:14,1
DA:15,1
DA:20,1
DA:22,3
DA:23,1
DA:25,1
DA:27,1
DA:28,1
DA:29,1
DA:31,1
DA:33,1
DA:35,1
DA:36,1
DA:38,3
DA:41,1
DA:42,1
DA:47,1
DA:48,1
DA:49,1
DA:50,1
DA:51,1
DA:52,1
DA:53,1
DA:56,1
DA:57,3
DA:58,0
DA:59,1
DA:65,1
DA:66,1
DA:67,1
DA:68,1
DA:72,0
DA:73,0
DA:86,1
DA:88,2
DA:89,1
DA:92,0
DA:93,0
LF:39
LH:34
end_of_record
SF:lib/core/presentation/screens/widgets/retry_widget.dart
DA:8,1
DA:14,1
DA:16,1
DA:18,1
DA:22,1
DA:23,1
DA:24,1
DA:31,2
DA:33,2
DA:37,1
DA:38,0
DA:39,0
DA:41,1
DA:42,1
DA:44,1
DA:45,1
LF:16
LH:14
end_of_record
SF:lib/core/presentation/screens/widgets/header_widget.dart
DA:6,1
DA:8,1
DA:10,1
DA:12,1
DA:15,1
DA:16,1
DA:17,1
DA:21,1
DA:22,1
DA:23,1
DA:24,1
LF:11
LH:11
end_of_record
SF:lib/core/presentation/screens/widgets/search_widget.dart
DA:9,2
DA:11,1
DA:12,1
DA:22,1
DA:24,1
DA:25,3
DA:26,3
DA:29,1
DA:30,2
DA:31,3
DA:32,3
DA:33,1
DA:34,4
DA:35,1
DA:36,1
DA:37,4
DA:41,1
DA:42,2
DA:43,0
DA:44,0
DA:49,1
DA:51,1
DA:52,1
DA:53,1
DA:55,1
DA:56,1
DA:57,1
DA:59,1
DA:60,1
DA:61,1
DA:62,1
DA:63,1
DA:67,1
DA:68,1
DA:70,1
DA:73,2
DA:77,0
DA:78,0
DA:79,0
DA:84,1
DA:85,1
DA:88,1
DA:91,2
DA:92,1
DA:93,2
DA:94,1
DA:95,0
DA:96,0
DA:97,0
DA:98,0
DA:101,0
DA:102,0
DA:103,0
DA:104,0
DA:105,0
DA:106,0
DA:110,1
DA:114,1
DA:115,1
DA:116,1
DA:118,1
DA:119,1
DA:120,1
DA:137,1
DA:139,3
DA:140,3
DA:141,2
DA:142,2
DA:143,1
LF:69
LH:54
end_of_record
SF:lib/core/presentation/screens/widgets/stocks_listview/stocks_list_widget.dart
DA:9,1
DA:11,1
DA:13,1
DA:17,2
DA:18,1
DA:19,1
DA:20,2
LF:7
LH:7
end_of_record
SF:lib/core/presentation/screens/symbol_screen.dart
DA:12,0
DA:14,0
DA:16,0
DA:18,0
DA:20,0
DA:21,0
DA:23,0
DA:25,0
DA:30,0
DA:31,0
DA:34,0
DA:36,0
DA:39,0
DA:41,0
LF:14
LH:0
end_of_record
SF:lib/core/presentation/screens/widgets/stocks_listview/stock_widget.dart
DA:11,1
DA:14,1
DA:15,1
DA:23,1
DA:25,3
DA:26,5
DA:28,1
DA:31,1
DA:33,1
DA:34,1
DA:35,1
DA:36,1
DA:39,1
DA:40,1
DA:41,1
DA:43,1
DA:44,1
DA:45,1
DA:46,1
DA:48,1
DA:49,1
DA:50,3
DA:57,1
DA:58,3
DA:59,1
DA:60,1
DA:67,1
DA:68,0
DA:69,1
DA:70,0
DA:71,0
DA:72,0
DA:73,0
DA:74,0
DA:76,0
DA:90,1
DA:92,2
DA:93,0
DA:94,0
DA:96,1
DA:99,0
DA:101,0
DA:102,0
DA:105,0
DA:106,0
DA:107,0
DA:109,0
DA:110,0
DA:111,0
DA:112,0
DA:121,3
DA:123,0
LF:52
LH:32
end_of_record
